0 info it worked if it ends with ok
1 verbose cli [ '/usr/local/bin/node',
1 verbose cli   '/usr/local/bin/npm',
1 verbose cli   'install',
1 verbose cli   'favicon.ico' ]
2 info using npm@2.15.9
3 info using node@v4.6.0
4 verbose install initial load of /Users/rohangupta/Webpage/package.json
5 verbose installManyTop reading scoped package data from /Users/rohangupta/Webpage/node_modules/debug/package.json
6 verbose installManyTop reading scoped package data from /Users/rohangupta/Webpage/node_modules/express/package.json
7 verbose installManyTop reading scoped package data from /Users/rohangupta/Webpage/node_modules/fs/package.json
8 verbose installManyTop reading scoped package data from /Users/rohangupta/Webpage/node_modules/http/package.json
9 verbose installManyTop reading scoped package data from /Users/rohangupta/Webpage/node_modules/path/package.json
10 info package.json fs@0.0.1-security fs is also the name of a node core module.
11 info package.json http@0.0.0 http is also the name of a node core module.
12 info package.json http@0.0.0 No description
13 info package.json http@0.0.0 No repository field.
14 info package.json path@0.12.7 path is also the name of a node core module.
15 verbose readDependencies loading dependencies from /Users/rohangupta/Webpage/package.json
16 silly cache add args [ 'favicon.ico', null ]
17 verbose cache add spec favicon.ico
18 silly cache add parsed spec Result {
18 silly cache add   raw: 'favicon.ico',
18 silly cache add   scope: null,
18 silly cache add   name: null,
18 silly cache add   rawSpec: 'favicon.ico',
18 silly cache add   spec: '/Users/rohangupta/Webpage/favicon.ico',
18 silly cache add   type: 'local' }
19 error addLocal Could not install /Users/rohangupta/Webpage/favicon.ico
20 verbose stack Error: ENOENT: no such file or directory, open '/Users/rohangupta/Webpage/favicon.ico'
20 verbose stack     at Error (native)
21 verbose cwd /Users/rohangupta/Webpage
22 error Darwin 16.7.0
23 error argv "/usr/local/bin/node" "/usr/local/bin/npm" "install" "favicon.ico"
24 error node v4.6.0
25 error npm  v2.15.9
26 error path /Users/rohangupta/Webpage/favicon.ico
27 error code ENOENT
28 error errno -2
29 error syscall open
30 error enoent ENOENT: no such file or directory, open '/Users/rohangupta/Webpage/favicon.ico'
30 error enoent This is most likely not a problem with npm itself
30 error enoent and is related to npm not being able to find a file.
31 verbose exit [ -2, true ]
